#
# A fatal error has been detected by the Java Runtime Environment:
#
#  EXCEPTION_ACCESS_VIOLATION (0xc0000005) at pc=0x000000005655f4f1, pid=10416, tid=0x0000000000002f4c
#
# JRE version: OpenJDK Runtime Environment (8.0_202-b03) (build 1.8.0_202-release-1483-b03)
# Java VM: OpenJDK 64-Bit Server VM (25.202-b03 mixed mode windows-amd64 compressed oops)
# Problematic frame:
# V  [jvm.dll+0xef4f1]
#
# Failed to write core dump. Minidumps are not enabled by default on client versions of Windows
#
# If you would like to submit a bug report, please visit:
#   http://bugreport.java.com/bugreport/crash.jsp
#

---------------  T H R E A D  ---------------

Current thread (0x0000000002b92800):  GCTaskThread [stack: 0x0000000012b40000,0x0000000012c40000] [id=12108]

siginfo: ExceptionCode=0xc0000005, reading address 0x00000000ca54ffe0

Registers:
RAX=0x0000000012d40000, RBX=0x00000000ca54ffd8, RCX=0x0000000000000000, RDX=0x0000000000000001
RSP=0x0000000012c3f080, RBP=0x00000000a07ef2d0, RSI=0x000000000000000b, RDI=0x0000000002c63880
R8 =0x0000000000152a7f, R9 =0x000000000000000b, R10=0x000000000000000c, R11=0x0000000000000402
R12=0x00000000a07ef2dc, R13=0x0000000100366b40, R14=0x0000000100366b48, R15=0x00000000a07ef2a0
RIP=0x000000005655f4f1, EFLAGS=0x0000000000010202

Top of Stack: (sp=0x0000000012c3f080)
0x0000000012c3f080:   00000000a07ef310 00000000a07ef2cc
0x0000000012c3f090:   000000000000000b 0000000002c63880
0x0000000012c3f0a0:   0000000000000000 0000000002b93110
0x0000000012c3f0b0:   0000000002b7e550 0000000002c63880
0x0000000012c3f0c0:   0000000000000401 0000000056835f40
0x0000000012c3f0d0:   0000000017a70050 0000000012c3f1e9
0x0000000012c3f0e0:   0000000002c63880 0000000056a88ce8
0x0000000012c3f0f0:   0000000017a6f750 0000000012c3f1a0
0x0000000012c3f100:   0000000016a2c2d0 000000000000000e
0x0000000012c3f110:   0000000002c63880 000000005655e0a2
0x0000000012c3f120:   00000000a00051e0 0000000000000000
0x0000000012c3f130:   0000000000000000 0000000002b7e550
0x0000000012c3f140:   0000000002b93120 0000000002b93110
0x0000000012c3f150:   0000000056a88ce8 0000000002c63880
0x0000000012c3f160:   0000000000000000 0000000012c3f1e9
0x0000000012c3f170:   00000000168b5570 00000000568331f0 

Instructions: (pc=0x000000005655f4f1)
0x000000005655f4d1:   48 8b 05 88 aa 6d 00 4a 8b 0c c0 48 0f a3 d1 0f
0x000000005655f4e1:   82 59 01 00 00 0f b6 15 84 09 6d 00 84 d2 74 16
0x000000005655f4f1:   44 8b 43 08 8b 0d 1d 12 67 00 49 d3 e0 4c 03 05
0x000000005655f501:   0b 12 67 00 eb 04 4c 8b 43 08 45 8b 48 08 45 85 


Register to memory mapping:

RAX=0x0000000012d40000 is an unknown value
RBX=0x00000000ca54ffd8 is an unallocated location in the heap
RCX=0x0000000000000000 is an unknown value
RDX=0x0000000000000001 is an unknown value
RSP=0x0000000012c3f080 is an unknown value
RBP=0x00000000a07ef2d0 is pointing into object: 0x00000000a07ef2a0
org.codehaus.groovy.reflection.CachedMethod 
 - klass: 'org/codehaus/groovy/reflection/CachedMethod'
RSI=0x000000000000000b is an unknown value
RDI=0x0000000002c63880 is an unknown value
R8 =0x0000000000152a7f is an unknown value
R9 =0x000000000000000b is an unknown value
R10=0x000000000000000c is an unknown value
R11=0x0000000000000402 is an unknown value
R12=0x00000000a07ef2dc is pointing into object: 0x00000000a07ef2a0
org.codehaus.groovy.reflection.CachedMethod 
 - klass: 'org/codehaus/groovy/reflection/CachedMethod'
R13=0x0000000100366b40 is pointing into metadata
R14=0x0000000100366b48 is pointing into metadata
R15=0x00000000a07ef2a0 is an oop
org.codehaus.groovy.reflection.CachedMethod 
 - klass: 'org/codehaus/groovy/reflection/CachedMethod'


Stack: [0x0000000012b40000,0x0000000012c40000],  sp=0x0000000012c3f080,  free space=1020k
Native frames: (J=compiled Java code, j=interpreted, Vv=VM code, C=native code)
V  [jvm.dll+0xef4f1]
V  [jvm.dll+0x3c5f40]
V  [jvm.dll+0x3c31f0]
V  [jvm.dll+0x3c0d9e]
V  [jvm.dll+0x26f5ba]
C  [msvcr100.dll+0x21d9f]
C  [msvcr100.dll+0x21e3b]
C  [KERNEL32.DLL+0x17974]
C  [ntdll.dll+0x6a271]


---------------  P R O C E S S  ---------------

Java Threads: ( => current thread )
  0x0000000026143000 JavaThread "Cache worker for Java compile cache (C:\Users\Nate\AndroidStudioProjects\AndriodLabs\.gradle\5.4.1\javaCompile)" [_thread_blocked, id=8532, stack(0x000000002efa0000,0x000000002f0a0000)]
  0x0000000026146000 JavaThread "Cache worker for Java compile cache (C:\Users\Nate\.gradle\caches\5.4.1\javaCompile)" [_thread_blocked, id=2076, stack(0x000000002eea0000,0x000000002efa0000)]
  0x0000000026138800 JavaThread "WorkerExecutor Queue Thread 10" [_thread_blocked, id=3360, stack(0x000000002ddd0000,0x000000002ded0000)]
  0x0000000026137000 JavaThread "WorkerExecutor Queue Thread 9" [_thread_blocked, id=452, stack(0x000000002dcd0000,0x000000002ddd0000)]
  0x000000002613d000 JavaThread "stdout" [_thread_in_native, id=11228, stack(0x000000002dbd0000,0x000000002dcd0000)]
  0x000000001d644000 JavaThread "stderr" [_thread_in_native, id=9984, stack(0x000000002dad0000,0x000000002dbd0000)]
  0x000000001d640000 JavaThread "stdout" [_thread_in_native, id=15916, stack(0x000000002d9d0000,0x000000002dad0000)]
  0x000000001d646000 JavaThread "stderr" [_thread_in_native, id=15560, stack(0x000000002d8d0000,0x000000002d9d0000)]
  0x000000001d645800 JavaThread "stdout" [_thread_in_native, id=1520, stack(0x000000002d7d0000,0x000000002d8d0000)]
  0x000000001d644800 JavaThread "stderr" [_thread_in_native, id=8204, stack(0x000000002d6d0000,0x000000002d7d0000)]
  0x000000001d641800 JavaThread "stdout" [_thread_in_native, id=5292, stack(0x000000002d5d0000,0x000000002d6d0000)]
  0x000000001d647000 JavaThread "stderr" [_thread_in_native, id=5100, stack(0x000000002d4d0000,0x000000002d5d0000)]
  0x000000001d643000 JavaThread "stdout" [_thread_in_native, id=15864, stack(0x000000002d3d0000,0x000000002d4d0000)]
  0x000000001d641000 JavaThread "stderr" [_thread_in_native, id=7444, stack(0x000000002d2d0000,0x000000002d3d0000)]
  0x000000001d642800 JavaThread "stdout" [_thread_in_native, id=10484, stack(0x000000002d1d0000,0x000000002d2d0000)]
  0x000000001f266000 JavaThread "stderr" [_thread_in_native, id=12352, stack(0x000000002d0d0000,0x000000002d1d0000)]
  0x00000000202b4800 JavaThread "stdout" [_thread_in_native, id=15584, stack(0x000000002cfd0000,0x000000002d0d0000)]
  0x0000000019c0a800 JavaThread "stderr" [_thread_in_native, id=5400, stack(0x000000002ced0000,0x000000002cfd0000)]
  0x0000000019c09000 JavaThread "pool-5-thread-1" [_thread_blocked, id=16364, stack(0x000000002cdd0000,0x000000002ced0000)]
  0x000000001ad6d800 JavaThread "WorkerExecutor Queue Thread 5" [_thread_blocked, id=2120, stack(0x000000002c9d0000,0x000000002cad0000)]
  0x00000000202b7800 JavaThread "Cache worker for execution history cache (C:\Users\Nate\AndroidStudioProjects\AndriodLabs\.gradle\5.4.1\executionHistory)" [_thread_blocked, id=15588, stack(0x000000002c3d0000,0x000000002c4d0000)]
  0x00000000202b9000 JavaThread "Execution worker for ':' Thread 7" [_thread_blocked, id=13724, stack(0x000000002c2d0000,0x000000002c3d0000)]
  0x00000000202b6000 JavaThread "Execution worker for ':' Thread 6" [_thread_blocked, id=16268, stack(0x000000002c1d0000,0x000000002c2d0000)]
  0x00000000202bc000 JavaThread "Execution worker for ':' Thread 5" [_thread_blocked, id=13276, stack(0x000000002c0d0000,0x000000002c1d0000)]
  0x00000000202ba800 JavaThread "Execution worker for ':' Thread 4" [_thread_blocked, id=13448, stack(0x000000002bfd0000,0x000000002c0d0000)]
  0x00000000202b5800 JavaThread "Execution worker for ':' Thread 3" [_thread_blocked, id=14048, stack(0x000000002bed0000,0x000000002bfd0000)]
  0x00000000202b7000 JavaThread "Execution worker for ':' Thread 2" [_thread_blocked, id=14212, stack(0x000000002bdd0000,0x000000002bed0000)]
  0x00000000202ae000 JavaThread "Execution worker for ':'" [_thread_blocked, id=11512, stack(0x000000002bcd0000,0x000000002bdd0000)]
  0x00000000202b4000 JavaThread "Cache worker for file content cache (C:\Users\Nate\AndroidStudioProjects\AndriodLabs\.gradle\5.4.1\fileContent)" [_thread_blocked, id=15984, stack(0x000000002bbd0000,0x000000002bcd0000)]
  0x000000001f263000 JavaThread "Cache worker for Build Output Cleanup Cache (C:\Users\Nate\AndroidStudioProjects\AndriodLabs\.gradle\buildOutputCleanup)" [_thread_blocked, id=15972, stack(0x000000002bad0000,0x000000002bbd0000)]
  0x000000001f262000 JavaThread "Build operations Thread 8" [_thread_blocked, id=15116, stack(0x000000002b9d0000,0x000000002bad0000)]
  0x000000001f261000 JavaThread "Build operations Thread 7" [_thread_blocked, id=2004, stack(0x000000002b8d0000,0x000000002b9d0000)]
  0x000000001f263800 JavaThread "Build operations Thread 6" [_thread_blocked, id=14836, stack(0x000000002b7d0000,0x000000002b8d0000)]
  0x000000001f260800 JavaThread "Build operations Thread 5" [_thread_blocked, id=15728, stack(0x000000002b6d0000,0x000000002b7d0000)]
  0x000000001f264800 JavaThread "Build operations Thread 4" [_thread_blocked, id=15816, stack(0x000000002b5d0000,0x000000002b6d0000)]
  0x000000001f267800 JavaThread "Build operations Thread 3" [_thread_blocked, id=15688, stack(0x000000002b4d0000,0x000000002b5d0000)]
  0x000000001f265000 JavaThread "Build operations Thread 2" [_thread_blocked, id=15604, stack(0x000000002b3d0000,0x000000002b4d0000)]
  0x000000001f266800 JavaThread "Build operations" [_thread_blocked, id=14700, stack(0x000000002b2d0000,0x000000002b3d0000)]
  0x000000001f259000 JavaThread "Cache worker for cache directory md-rule (C:\Users\Nate\.gradle\caches\5.4.1\md-rule)" [_thread_blocked, id=12500, stack(0x000000002b1d0000,0x000000002b2d0000)]
  0x000000001f25f800 JavaThread "Cache worker for cache directory md-supplier (C:\Users\Nate\.gradle\caches\5.4.1\md-supplier)" [_thread_blocked, id=16216, stack(0x000000002b0d0000,0x000000002b1d0000)]
  0x000000001f25e000 JavaThread "Cache worker for file hash cache (C:\Users\Nate\AndroidStudioProjects\AndriodLabs\.gradle\5.4.1\fileHashes)" [_thread_blocked, id=15420, stack(0x000000002afd0000,0x000000002b0d0000)]
  0x000000001f25c000 JavaThread "Thread-68" [_thread_blocked, id=3984, stack(0x000000002aed0000,0x000000002afd0000)]
  0x000000001f25c800 JavaThread "Stdin handler" [_thread_blocked, id=3220, stack(0x000000002add0000,0x000000002aed0000)]
  0x000000001f25d800 JavaThread "Asynchronous log dispatcher for DefaultDaemonConnection: socket connection from /127.0.0.1:52445 to /127.0.0.1:52804" [_thread_blocked, id=9648, stack(0x000000002acd0000,0x000000002add0000)]
  0x000000001f259800 JavaThread "Cancel handler" [_thread_blocked, id=11144, stack(0x000000002abd0000,0x000000002acd0000)]
  0x000000001f25b000 JavaThread "Handler for socket connection from /127.0.0.1:52445 to /127.0.0.1:52804" [_thread_in_native, id=11080, stack(0x000000002aad0000,0x000000002abd0000)]
  0x000000001ad6c800 JavaThread "Cache worker for file content cache (C:\Users\Nate\.gradle\caches\5.4.1\fileContent)" [_thread_blocked, id=11072, stack(0x0000000029cd0000,0x0000000029dd0000)]
  0x00000000202ad000 JavaThread "Daemon worker Thread 2" [_thread_blocked, id=16112, stack(0x0000000028cd0000,0x0000000028dd0000)]
  0x00000000202b2800 JavaThread "Daemon Thread 2" [_thread_blocked, id=8660, stack(0x00000000289d0000,0x0000000028ad0000)]
  0x000000001ad7a000 JavaThread "Memory manager" [_thread_blocked, id=9100, stack(0x00000000250a0000,0x00000000251a0000)]
  0x0000000019c0e800 JavaThread "Cache worker for execution history cache (C:\Users\Nate\.gradle\caches\5.4.1\executionHistory)" [_thread_blocked, id=14316, stack(0x0000000021650000,0x0000000021750000)]
  0x0000000019c07800 JavaThread "Cache worker for journal cache (C:\Users\Nate\.gradle\caches\journal-1)" [_thread_blocked, id=14464, stack(0x000000001c470000,0x000000001c570000)]
  0x0000000019c0b800 JavaThread "File lock request listener" [_thread_in_native, id=11644, stack(0x000000001c370000,0x000000001c470000)]
  0x0000000019ce9000 JavaThread "Cache worker for file hash cache (C:\Users\Nate\.gradle\caches\5.4.1\fileHashes)" [_thread_blocked, id=3192, stack(0x000000001c270000,0x000000001c370000)]
  0x0000000018a76000 JavaThread "Daemon periodic checks" [_thread_blocked, id=580, stack(0x000000001b770000,0x000000001b870000)]
  0x0000000019f77000 JavaThread "Incoming local TCP Connector on port 52445" [_thread_in_native, id=10252, stack(0x000000001b530000,0x000000001b630000)]
  0x000000001a6d9000 JavaThread "Daemon health stats" [_thread_blocked, id=1108, stack(0x000000001aef0000,0x000000001aff0000)]
  0x00000000188ef800 JavaThread "Service Thread" daemon [_thread_blocked, id=140, stack(0x0000000019520000,0x0000000019620000)]
  0x0000000016a3e000 JavaThread "C1 CompilerThread3" daemon [_thread_blocked, id=13416, stack(0x0000000019420000,0x0000000019520000)]
  0x000000001885f000 JavaThread "C2 CompilerThread2" daemon [_thread_blocked, id=12504, stack(0x0000000019320000,0x0000000019420000)]
  0x0000000018851800 JavaThread "C2 CompilerThread1" daemon [_thread_blocked, id=8784, stack(0x0000000019220000,0x0000000019320000)]
  0x000000001884e800 JavaThread "C2 CompilerThread0" daemon [_thread_blocked, id=10368, stack(0x0000000019120000,0x0000000019220000)]
  0x000000001884b000 JavaThread "Attach Listener" daemon [_thread_blocked, id=3420, stack(0x0000000019020000,0x0000000019120000)]
  0x0000000016a39000 JavaThread "Signal Dispatcher" daemon [_thread_blocked, id=11848, stack(0x0000000018f20000,0x0000000019020000)]
  0x0000000018841000 JavaThread "Finalizer" daemon [_thread_blocked, id=12340, stack(0x0000000018d20000,0x0000000018e20000)]
  0x0000000016a2c800 JavaThread "Reference Handler" daemon [_thread_blocked, id=3412, stack(0x0000000018c20000,0x0000000018d20000)]
  0x0000000002a6e000 JavaThread "main" [_thread_blocked, id=9488, stack(0x0000000002a70000,0x0000000002b70000)]

Other Threads:
  0x0000000016a26000 VMThread [stack: 0x0000000018720000,0x0000000018820000] [id=2264]
  0x00000000188f0000 WatcherThread [stack: 0x0000000019620000,0x0000000019720000] [id=9424]

=>0x0000000002b92800 (exited) GCTaskThread [stack: 0x0000000012b40000,0x0000000012c40000] [id=12108]

VM state:at safepoint (normal execution)

VM Mutex/Monitor currently owned by a thread:  ([mutex/lock_event])
[0x0000000002a6d320] Threads_lock - owner thread: 0x0000000016a26000
[0x0000000002a6d8a0] Heap_lock - owner thread: 0x00000000202ba800

heap address: 0x00000000a0000000, size: 1536 MB, Compressed Oops mode: 32-bit
Narrow klass base: 0x0000000000000000, Narrow klass shift: 3
Compressed class space size: 1073741824 Address: 0x0000000100000000

Heap:
 PSYoungGen      total 297472K, used 10906K [0x00000000e0000000, 0x00000000f7980000, 0x0000000100000000)
  eden space 286208K, 0% used [0x00000000e0000000,0x00000000e0000000,0x00000000f1780000)
  from space 11264K, 96% used [0x00000000f3a00000,0x00000000f44a68b8,0x00000000f4500000)
  to   space 36352K, 0% used [0x00000000f5600000,0x00000000f5600000,0x00000000f7980000)
 ParOldGen       total 250368K, used 74031K [0x00000000a0000000, 0x00000000af480000, 0x00000000e0000000)
  object space 250368K, 29% used [0x00000000a0000000,0x00000000a484bcc8,0x00000000af480000)
 Metaspace       used 93709K, capacity 98380K, committed 98496K, reserved 1134592K
  class space    used 12007K, capacity 12881K, committed 12928K, reserved 1048576K

Card table byte_map: [0x0000000012030000,0x0000000012340000] byte_map_base: 0x0000000011b30000

Marking Bits: (ParMarkBitMap*) 0x0000000056c39f30
 Begin Bits: [0x0000000012d40000, 0x0000000014540000)
 End Bits:   [0x0000000014540000, 0x0000000015d40000)

Polling page: 0x00000000009f0000

CodeCache: size=245760Kb used=54885Kb max_used=55963Kb free=190874Kb
 bounds [0x0000000002c70000, 0x00000000063a0000, 0x0000000011c70000]
 total_blobs=16624 nmethods=15727 adapters=809
 compilation: enabled

Compilation events (10 events):
Event: 2446.182 Thread 0x0000000016a3e000 19021       3       com.sun.tools.javac.util.Name$Table::equals (44 bytes)
Event: 2446.182 Thread 0x0000000016a3e000 nmethod 19021 0x0000000003a04690 code [0x0000000003a04800, 0x0000000003a04ab0]
Event: 2446.182 Thread 0x0000000016a3e000 19023       3       com.sun.tools.javac.util.UnsharedNameTable::fromUtf (232 bytes)
Event: 2446.183 Thread 0x0000000016a3e000 nmethod 19023 0x0000000004f9f810 code [0x0000000004f9faa0, 0x0000000004fa0d78]
Event: 2446.183 Thread 0x0000000016a3e000 19022       1       com.sun.tools.javac.code.Symbol$PackageSymbol::getQualifiedName (5 bytes)
Event: 2446.183 Thread 0x0000000016a3e000 nmethod 19022 0x0000000004fa2910 code [0x0000000004fa2a60, 0x0000000004fa2b70]
Event: 2446.183 Thread 0x0000000016a3e000 19024       3       com.sun.tools.javac.util.List::nil (4 bytes)
Event: 2446.183 Thread 0x0000000016a3e000 nmethod 19024 0x000000000347e510 code [0x000000000347e660, 0x000000000347e790]
Event: 2446.183 Thread 0x0000000016a3e000 19025       3       com.sun.tools.javac.code.AnnoConstruct::<init> (5 bytes)
Event: 2446.183 Thread 0x0000000016a3e000 nmethod 19025 0x00000000044ab790 code [0x00000000044ab8e0, 0x00000000044aba90]

GC Heap History (10 events):
Event: 191.081 GC heap after
Heap after GC invocations=20 (full 3):
 PSYoungGen      total 342528K, used 20467K [0x00000000e0000000, 0x00000000f9f00000, 0x0000000100000000)
  eden space 322048K, 0% used [0x00000000e0000000,0x00000000e0000000,0x00000000f3a80000)
  from space 20480K, 99% used [0x00000000f3a80000,0x00000000f4e7cd98,0x00000000f4e80000)
  to   space 30208K, 0% used [0x00000000f8180000,0x00000000f8180000,0x00000000f9f00000)
 ParOldGen       total 250368K, used 59664K [0x00000000a0000000, 0x00000000af480000, 0x00000000e0000000)
  object space 250368K, 23% used [0x00000000a0000000,0x00000000a3a443f8,0x00000000af480000)
 Metaspace       used 74130K, capacity 77216K, committed 77400K, reserved 1116160K
  class space    used 9687K, capacity 10299K, committed 10368K, reserved 1048576K
}
Event: 2430.461 GC heap before
{Heap before GC invocations=21 (full 3):
 PSYoungGen      total 342528K, used 342515K [0x00000000e0000000, 0x00000000f9f00000, 0x0000000100000000)
  eden space 322048K, 100% used [0x00000000e0000000,0x00000000f3a80000,0x00000000f3a80000)
  from space 20480K, 99% used [0x00000000f3a80000,0x00000000f4e7cd98,0x00000000f4e80000)
  to   space 30208K, 0% used [0x00000000f8180000,0x00000000f8180000,0x00000000f9f00000)
 ParOldGen       total 250368K, used 59664K [0x00000000a0000000, 0x00000000af480000, 0x00000000e0000000)
  object space 250368K, 23% used [0x00000000a0000000,0x00000000a3a443f8,0x00000000af480000)
 Metaspace       used 80689K, capacity 84178K, committed 84440K, reserved 1122304K
  class space    used 10254K, capacity 10970K, committed 11008K, reserved 1048576K
Event: 2430.491 GC heap after
Heap after GC invocations=21 (full 3):
 PSYoungGen      total 339456K, used 26669K [0x00000000e0000000, 0x00000000f9c00000, 0x0000000100000000)
  eden space 312320K, 0% used [0x00000000e0000000,0x00000000e0000000,0x00000000f3100000)
  from space 27136K, 98% used [0x00000000f8180000,0x00000000f9b8b7f0,0x00000000f9c00000)
  to   space 33280K, 0% used [0x00000000f5b00000,0x00000000f5b00000,0x00000000f7b80000)
 ParOldGen       total 250368K, used 59672K [0x00000000a0000000, 0x00000000af480000, 0x00000000e0000000)
  object space 250368K, 23% used [0x00000000a0000000,0x00000000a3a463f8,0x00000000af480000)
 Metaspace       used 80689K, capacity 84178K, committed 84440K, reserved 1122304K
  class space    used 10254K, capacity 10970K, committed 11008K, reserved 1048576K
}
Event: 2440.438 GC heap before
{Heap before GC invocations=22 (full 3):
 PSYoungGen      total 339456K, used 338989K [0x00000000e0000000, 0x00000000f9c00000, 0x0000000100000000)
  eden space 312320K, 100% used [0x00000000e0000000,0x00000000f3100000,0x00000000f3100000)
  from space 27136K, 98% used [0x00000000f8180000,0x00000000f9b8b7f0,0x00000000f9c00000)
  to   space 33280K, 0% used [0x00000000f5b00000,0x00000000f5b00000,0x00000000f7b80000)
 ParOldGen       total 250368K, used 59672K [0x00000000a0000000, 0x00000000af480000, 0x00000000e0000000)
  object space 250368K, 23% used [0x00000000a0000000,0x00000000a3a463f8,0x00000000af480000)
 Metaspace       used 90234K, capacity 94862K, committed 95192K, reserved 1132544K
  class space    used 11567K, capacity 12428K, committed 12544K, reserved 1048576K
Event: 2440.476 GC heap after
Heap after GC invocations=22 (full 3):
 PSYoungGen      total 333824K, used 30519K [0x00000000e0000000, 0x00000000f8200000, 0x0000000100000000)
  eden space 303104K, 0% used [0x00000000e0000000,0x00000000e0000000,0x00000000f2800000)
  from space 30720K, 99% used [0x00000000f5b00000,0x00000000f78cdff8,0x00000000f7900000)
  to   space 9216K, 0% used [0x00000000f7900000,0x00000000f7900000,0x00000000f8200000)
 ParOldGen       total 250368K, used 59688K [0x00000000a0000000, 0x00000000af480000, 0x00000000e0000000)
  object space 250368K, 23% used [0x00000000a0000000,0x00000000a3a4a3f8,0x00000000af480000)
 Metaspace       used 90234K, capacity 94862K, committed 95192K, reserved 1132544K
  class space    used 11567K, capacity 12428K, committed 12544K, reserved 1048576K
}
Event: 2444.580 GC heap before
{Heap before GC invocations=23 (full 3):
 PSYoungGen      total 333824K, used 333623K [0x00000000e0000000, 0x00000000f8200000, 0x0000000100000000)
  eden space 303104K, 100% used [0x00000000e0000000,0x00000000f2800000,0x00000000f2800000)
  from space 30720K, 99% used [0x00000000f5b00000,0x00000000f78cdff8,0x00000000f7900000)
  to   space 9216K, 0% used [0x00000000f7900000,0x00000000f7900000,0x00000000f8200000)
 ParOldGen       total 250368K, used 59688K [0x00000000a0000000, 0x00000000af480000, 0x00000000e0000000)
  object space 250368K, 23% used [0x00000000a0000000,0x00000000a3a4a3f8,0x00000000af480000)
 Metaspace       used 91187K, capacity 95820K, committed 95960K, reserved 1132544K
  class space    used 11627K, capacity 12497K, committed 12544K, reserved 1048576K
Event: 2444.600 GC heap after
Heap after GC invocations=23 (full 3):
 PSYoungGen      total 303616K, used 9185K [0x00000000e0000000, 0x00000000f8200000, 0x0000000100000000)
  eden space 294400K, 0% used [0x00000000e0000000,0x00000000e0000000,0x00000000f1f80000)
  from space 9216K, 99% used [0x00000000f7900000,0x00000000f81f8630,0x00000000f8200000)
  to   space 36864K, 0% used [0x00000000f3a00000,0x00000000f3a00000,0x00000000f5e00000)
 ParOldGen       total 250368K, used 74023K [0x00000000a0000000, 0x00000000af480000, 0x00000000e0000000)
  object space 250368K, 29% used [0x00000000a0000000,0x00000000a4849cc8,0x00000000af480000)
 Metaspace       used 91187K, capacity 95820K, committed 95960K, reserved 1132544K
  class space    used 11627K, capacity 12497K, committed 12544K, reserved 1048576K
}
Event: 2446.382 GC heap before
{Heap before GC invocations=24 (full 3):
 PSYoungGen      total 303616K, used 125007K [0x00000000e0000000, 0x00000000f8200000, 0x0000000100000000)
  eden space 294400K, 39% used [0x00000000e0000000,0x00000000e711b950,0x00000000f1f80000)
  from space 9216K, 99% used [0x00000000f7900000,0x00000000f81f8630,0x00000000f8200000)
  to   space 36864K, 0% used [0x00000000f3a00000,0x00000000f3a00000,0x00000000f5e00000)
 ParOldGen       total 250368K, used 74023K [0x00000000a0000000, 0x00000000af480000, 0x00000000e0000000)
  object space 250368K, 29% used [0x00000000a0000000,0x00000000a4849cc8,0x00000000af480000)
 Metaspace       used 93709K, capacity 98380K, committed 98496K, reserved 1134592K
  class space    used 12007K, capacity 12881K, committed 12928K, reserved 1048576K
Event: 2446.392 GC heap after
Heap after GC invocations=24 (full 3):
 PSYoungGen      total 297472K, used 10906K [0x00000000e0000000, 0x00000000f7980000, 0x0000000100000000)
  eden space 286208K, 0% used [0x00000000e0000000,0x00000000e0000000,0x00000000f1780000)
  from space 11264K, 96% used [0x00000000f3a00000,0x00000000f44a68b8,0x00000000f4500000)
  to   space 36352K, 0% used [0x00000000f5600000,0x00000000f5600000,0x00000000f7980000)
 ParOldGen       total 250368K, used 74031K [0x00000000a0000000, 0x00000000af480000, 0x00000000e0000000)
  object space 250368K, 29% used [0x00000000a0000000,0x00000000a484bcc8,0x00000000af480000)
 Metaspace       used 93709K, capacity 98380K, committed 98496K, reserved 1134592K
  class space    used 12007K, capacity 12881K, committed 12928K, reserved 1048576K
}
Event: 2446.392 GC heap before
{Heap before GC invocations=25 (full 4):
 PSYoungGen      total 297472K, used 10906K [0x00000000e0000000, 0x00000000f7980000, 0x0000000100000000)
  eden space 286208K, 0% used [0x00000000e0000000,0x00000000e0000000,0x00000000f1780000)
  from space 11264K, 96% used [0x00000000f3a00000,0x00000000f44a68b8,0x00000000f4500000)
  to   space 36352K, 0% used [0x00000000f5600000,0x00000000f5600000,0x00000000f7980000)
 ParOldGen       total 250368K, used 74031K [0x00000000a0000000, 0x00000000af480000, 0x00000000e0000000)
  object space 250368K, 29% used [0x00000000a0000000,0x00000000a484bcc8,0x00000000af480000)
 Metaspace       used 93709K, capacity 98380K, committed 98496K, reserved 1134592K
  class space    used 12007K, capacity 12881K, committed 12928K, reserved 1048576K

Deoptimization events (10 events):
Event: 2444.223 Thread 0x00000000202ba800 Uncommon trap: reason=unstable_if action=reinterpret pc=0x0000000006225a74 method=org.objectweb.asm.Type.getArgumentsAndReturnSizes(Ljava/lang/String;)I @ 115
Event: 2444.223 Thread 0x00000000202ba800 Uncommon trap: reason=unstable_if action=reinterpret pc=0x0000000003889924 method=org.objectweb.asm.ClassReader.readUtf(II[C)Ljava/lang/String; @ 41
Event: 2444.243 Thread 0x00000000202ba800 Uncommon trap: reason=unstable_if action=reinterpret pc=0x00000000036c64c4 method=org.objectweb.asm.ClassReader.readUtf(II[C)Ljava/lang/String; @ 41
Event: 2444.246 Thread 0x00000000202ba800 Uncommon trap: reason=unstable_if action=reinterpret pc=0x0000000004366bd4 method=org.objectweb.asm.ByteVector.putUTF8(Ljava/lang/String;)Lorg/objectweb/asm/ByteVector; @ 100
Event: 2444.522 Thread 0x00000000202ba800 Uncommon trap: reason=unstable_if action=reinterpret pc=0x0000000006312a1c method=org.objectweb.asm.ClassReader.readMethod(Lorg/objectweb/asm/ClassVisitor;Lorg/objectweb/asm/Context;I)I @ 316
Event: 2444.537 Thread 0x00000000202ba800 Uncommon trap: reason=null_assert action=make_not_entrant pc=0x00000000062da43c method=org.gradle.api.internal.tasks.compile.ApiMemberSelector.visitAnnotationValue(Lorg/objectweb/asm/AnnotationVisitor;Lorg/gradle/api/internal/tasks/compile/AnnotationValue
Event: 2445.544 Thread 0x00000000202ba800 Uncommon trap: reason=unstable_if action=reinterpret pc=0x00000000052900e4 method=org.gradle.internal.snapshot.impl.DirectorySnapshotter$1.isAllowed(Ljava/nio/file/Path;Ljava/lang/String;ZLjava/nio/file/attribute/BasicFileAttributes;Ljava/lang/Iterable;)Z
Event: 2445.581 Thread 0x00000000202ba800 Uncommon trap: reason=unstable_if action=reinterpret pc=0x000000000441c01c method=java.lang.ref.SoftReference.get()Ljava/lang/Object; @ 6
Event: 2445.581 Thread 0x00000000202ba800 Uncommon trap: reason=unstable_if action=reinterpret pc=0x000000000330d6f4 method=java.lang.ref.SoftReference.get()Ljava/lang/Object; @ 6
Event: 2446.038 Thread 0x00000000202ba800 Uncommon trap: reason=unstable_if action=reinterpret pc=0x0000000003539cd0 method=java.util.Locale.hashCode()I @ 6

Classes redefined (0 events):
No events

Internal exceptions (10 events):
Event: 2439.557 Thread 0x00000000202b6000 Exception <a 'sun/nio/fs/WindowsException'> (0x00000000ee2b24d0) thrown at [D:\src\AOSP-openjdk-cygwin\jdk8u\hotspot\src\share\vm\prims\jni.cpp, line 710]
Event: 2439.572 Thread 0x00000000202ad000 Implicit null exception at 0x000000000581e2a3 to 0x000000000581e375
Event: 2439.633 Thread 0x00000000202b5800 Exception <a 'sun/nio/fs/WindowsException'> (0x00000000eeb94648) thrown at [D:\src\AOSP-openjdk-cygwin\jdk8u\hotspot\src\share\vm\prims\jni.cpp, line 710]
Event: 2439.793 Thread 0x00000000202ba800 Exception <a 'java/lang/NoSuchMethodError': <clinit>> (0x00000000ef5146f0) thrown at [D:\src\AOSP-openjdk-cygwin\jdk8u\hotspot\src\share\vm\prims\jni.cpp, line 1614]
Event: 2439.794 Thread 0x00000000202ba800 Exception <a 'java/lang/NoSuchMethodError': <clinit>> (0x00000000ef52d988) thrown at [D:\src\AOSP-openjdk-cygwin\jdk8u\hotspot\src\share\vm\prims\jni.cpp, line 1614]
Event: 2439.796 Thread 0x00000000202ba800 Exception <a 'java/lang/NoSuchMethodError': <clinit>> (0x00000000ef545df0) thrown at [D:\src\AOSP-openjdk-cygwin\jdk8u\hotspot\src\share\vm\prims\jni.cpp, line 1614]
Event: 2439.822 Thread 0x00000000202ba800 Exception <a 'java/lang/NoSuchMethodError': <clinit>> (0x00000000ef575ec0) thrown at [D:\src\AOSP-openjdk-cygwin\jdk8u\hotspot\src\share\vm\prims\jni.cpp, line 1614]
Event: 2441.532 Thread 0x00000000202b9000 Exception <a 'sun/nio/fs/WindowsException'> (0x00000000e9a2a228) thrown at [D:\src\AOSP-openjdk-cygwin\jdk8u\hotspot\src\share\vm\prims\jni.cpp, line 710]
Event: 2443.891 Thread 0x000000001ad6d800 Implicit null exception at 0x0000000003013e11 to 0x0000000003013f11
Event: 2445.581 Thread 0x00000000202ba800 Implicit null exception at 0x000000000441bc9b to 0x000000000441c005

Events (10 events):
Event: 2446.377 loading class com/sun/tools/javac/comp/Attr$14 done
Event: 2446.377 loading class com/sun/tools/javac/comp/Attr$IdentAttributer
Event: 2446.377 loading class com/sun/tools/javac/comp/Attr$IdentAttributer done
Event: 2446.378 loading class com/sun/source/util/SimpleTreeVisitor
Event: 2446.378 loading class com/sun/source/util/SimpleTreeVisitor done
Event: 2446.379 loading class com/sun/tools/javac/comp/Flow
Event: 2446.379 loading class com/sun/tools/javac/comp/Flow done
Event: 2446.381 loading class com/sun/tools/javac/comp/MemberEnter
Event: 2446.381 loading class com/sun/tools/javac/comp/MemberEnter done
Event: 2446.382 Executing VM operation: CollectForMetadataAllocation


Dynamic libraries:
0x00007ff64e080000 - 0x00007ff64e0b1000 	C:\Program Files\Android\Android Studio\jre\bin\java.exe
0x00007ffac47b0000 - 0x00007ffac499d000 	C:\WINDOWS\SYSTEM32\ntdll.dll
0x00007ffac21d0000 - 0x00007ffac2283000 	C:\WINDOWS\System32\KERNEL32.DLL
0x00007ffac12a0000 - 0x00007ffac1533000 	C:\WINDOWS\System32\KERNELBASE.dll
0x00007ffac4240000 - 0x00007ffac42e3000 	C:\WINDOWS\System32\ADVAPI32.dll
0x00007ffac44f0000 - 0x00007ffac458e000 	C:\WINDOWS\System32\msvcrt.dll
0x00007ffac2ad0000 - 0x00007ffac2b6e000 	C:\WINDOWS\System32\sechost.dll
0x00007ffac20a0000 - 0x00007ffac21c2000 	C:\WINDOWS\System32\RPCRT4.dll
0x00007ffac2440000 - 0x00007ffac25d7000 	C:\WINDOWS\System32\USER32.dll
0x00007ffac1640000 - 0x00007ffac1660000 	C:\WINDOWS\System32\win32u.dll
0x00007ffac4750000 - 0x00007ffac4779000 	C:\WINDOWS\System32\GDI32.dll
0x00007ffac10a0000 - 0x00007ffac1239000 	C:\WINDOWS\System32\gdi32full.dll
0x00007ffac1940000 - 0x00007ffac19e0000 	C:\WINDOWS\System32\msvcp_win.dll
0x00007ffac1540000 - 0x00007ffac163a000 	C:\WINDOWS\System32\ucrtbase.dll
0x00007ffab4830000 - 0x00007ffab4aa9000 	C:\WINDOWS\WinSxS\amd64_microsoft.windows.common-controls_6595b64144ccf1df_6.0.17763.678_none_05b74150071d72bf\COMCTL32.dll
0x00007ffac1a00000 - 0x00007ffac1d2c000 	C:\WINDOWS\System32\combase.dll
0x00007ffac1020000 - 0x00007ffac109e000 	C:\WINDOWS\System32\bcryptPrimitives.dll
0x00007ffac1d40000 - 0x00007ffac1d6e000 	C:\WINDOWS\System32\IMM32.DLL
0x0000000056390000 - 0x0000000056462000 	C:\Program Files\Android\Android Studio\jre\jre\bin\msvcr100.dll
0x0000000056470000 - 0x0000000056cb6000 	C:\Program Files\Android\Android Studio\jre\jre\bin\server\jvm.dll
0x00007ffac1d30000 - 0x00007ffac1d38000 	C:\WINDOWS\System32\PSAPI.DLL
0x00007ffab6970000 - 0x00007ffab6979000 	C:\WINDOWS\SYSTEM32\WSOCK32.dll
0x00007ffaba150000 - 0x00007ffaba15a000 	C:\WINDOWS\SYSTEM32\VERSION.dll
0x00007ffab6930000 - 0x00007ffab6954000 	C:\WINDOWS\SYSTEM32\WINMM.dll
0x00007ffac25e0000 - 0x00007ffac264d000 	C:\WINDOWS\System32\WS2_32.dll
0x00007ffab68e0000 - 0x00007ffab690d000 	C:\WINDOWS\SYSTEM32\WINMMBASE.dll
0x00007ffac18f0000 - 0x00007ffac193a000 	C:\WINDOWS\System32\cfgmgr32.dll
0x00007ffaa29c0000 - 0x00007ffaa29cf000 	C:\Program Files\Android\Android Studio\jre\jre\bin\verify.dll
0x00007ffa9fa50000 - 0x00007ffa9fa79000 	C:\Program Files\Android\Android Studio\jre\jre\bin\java.dll
0x00007ffaa24f0000 - 0x00007ffaa2506000 	C:\Program Files\Android\Android Studio\jre\jre\bin\zip.dll
0x00007ffac2be0000 - 0x00007ffac40d0000 	C:\WINDOWS\System32\SHELL32.dll
0x00007ffac1ea0000 - 0x00007ffac1f48000 	C:\WINDOWS\System32\shcore.dll
0x00007ffac08a0000 - 0x00007ffac0fea000 	C:\WINDOWS\System32\windows.storage.dll
0x00007ffac07b0000 - 0x00007ffac07d4000 	C:\WINDOWS\System32\profapi.dll
0x00007ffac07e0000 - 0x00007ffac083d000 	C:\WINDOWS\System32\powrprof.dll
0x00007ffac2b80000 - 0x00007ffac2bd2000 	C:\WINDOWS\System32\shlwapi.dll
0x00007ffac0840000 - 0x00007ffac0851000 	C:\WINDOWS\System32\kernel.appcore.dll
0x00007ffac0880000 - 0x00007ffac0897000 	C:\WINDOWS\System32\cryptsp.dll
0x00007ffa9efc0000 - 0x00007ffa9efda000 	C:\Program Files\Android\Android Studio\jre\jre\bin\net.dll
0x00007ffabffc0000 - 0x00007ffac0027000 	C:\WINDOWS\system32\mswsock.dll
0x00007ffa9d7b0000 - 0x00007ffa9d7c1000 	C:\Program Files\Android\Android Studio\jre\jre\bin\nio.dll
0x00007ffaa0300000 - 0x00007ffaa0326000 	C:\Users\Nate\.gradle\native\29\windows-amd64\native-platform.dll
0x00007ffaa2920000 - 0x00007ffaa292d000 	C:\Program Files\Android\Android Studio\jre\jre\bin\management.dll
0x00007ffabfb40000 - 0x00007ffabfb73000 	C:\WINDOWS\system32\rsaenh.dll
0x00007ffac0ff0000 - 0x00007ffac1016000 	C:\WINDOWS\System32\bcrypt.dll
0x00007ffac06b0000 - 0x00007ffac06d8000 	C:\WINDOWS\SYSTEM32\USERENV.dll
0x00007ffac01f0000 - 0x00007ffac01fc000 	C:\WINDOWS\SYSTEM32\CRYPTBASE.dll
0x00007ffabfce0000 - 0x00007ffabfd1d000 	C:\WINDOWS\SYSTEM32\IPHLPAPI.DLL
0x00007ffac44e0000 - 0x00007ffac44e8000 	C:\WINDOWS\System32\NSI.dll
0x00007ffabc310000 - 0x00007ffabc326000 	C:\WINDOWS\SYSTEM32\dhcpcsvc6.DLL
0x00007ffabc270000 - 0x00007ffabc28c000 	C:\WINDOWS\SYSTEM32\dhcpcsvc.DLL
0x00007ffabfd20000 - 0x00007ffabfde6000 	C:\WINDOWS\SYSTEM32\DNSAPI.dll
0x00007ffaa2b30000 - 0x00007ffaa2b54000 	C:\Program Files\Android\Android Studio\jre\jre\bin\sunec.dll
0x00007ffab8d40000 - 0x00007ffab8d4a000 	C:\Windows\System32\rasadhlp.dll
0x00007ffaba610000 - 0x00007ffaba689000 	C:\WINDOWS\System32\fwpuclnt.dll
0x00007ffaa2b20000 - 0x00007ffaa2b2b000 	C:\Program Files\Android\Android Studio\jre\jre\bin\sunmscapi.dll
0x00007ffac1710000 - 0x00007ffac18eb000 	C:\WINDOWS\System32\CRYPT32.dll
0x00007ffac0860000 - 0x00007ffac0872000 	C:\WINDOWS\System32\MSASN1.dll
0x00007ffabed00000 - 0x00007ffabed8c000 	C:\WINDOWS\system32\apphelp.dll
0x00007ffab8b50000 - 0x00007ffab8d3d000 	C:\WINDOWS\SYSTEM32\dbghelp.dll

VM Arguments:
jvm_args: -Xmx1536m -Dfile.encoding=windows-1252 -Duser.country=CA -Duser.language=en -Duser.variant 
java_command: org.gradle.launcher.daemon.bootstrap.GradleDaemon 5.4.1
java_class_path (initial): C:\Users\Nate\.gradle\wrapper\dists\gradle-5.4.1-all\3221gyojl5jsh0helicew7rwx\gradle-5.4.1\lib\gradle-launcher-5.4.1.jar
Launcher Type: SUN_STANDARD

Environment Variables:
JAVA_HOME=C:\Program Files\Java\jdk1.8.0_192
PATH=C:\Program Files (x86)\Google\Chrome\Application;C:\oraclexe\app\oracle\product\11.2.0\server\bin;C:\app\Nate\product\18.0.0\dbhomeXE\bin;C:\Program Files\Microsoft MPI\Bin\;C:\Program Files\Java\jdk1.8.0_192\bin;C:\Program Files\Microsoft SQL Server\Client SDK\ODBC\130\Tools\Binn\;C:\Program Files (x86)\Microsoft SQL Server\140\Tools\Binn\;C:\Program Files\Microsoft SQL Server\140\Tools\Binn\;C:\Program Files\Microsoft SQL Server\140\DTS\Binn\;C:\Program Files (x86)\Microsoft SQL Server\140\DTS\Binn\;C:\Program Files (x86)\Microsoft SQL Server\Client SDK\ODBC\130\Tools\Binn\;C:\Program Files (x86)\Microsoft SQL Server\140\Tools\Binn\ManagementStudio\;C:\WINDOWS\system32;C:\WINDOWS;C:\WINDOWS\System32\Wbem;C:\WINDOWS\System32\WindowsPowerShell\v1.0\;C:\WINDOWS\System32\OpenSSH\;C:\Users\Nate\AppData\Local\Microsoft\WindowsApps;C:\Users\Nate\AppData\Local\atom\bin;%USERPROFILE%\AppData\Local\Microsoft\WindowsApps;
USERNAME=Nate
OS=Windows_NT
PROCESSOR_IDENTIFIER=Intel64 Family 6 Model 60 Stepping 3, GenuineIntel



---------------  S Y S T E M  ---------------

OS: Windows 10.0 , 64 bit Build 17763 (10.0.17763.475)

CPU:total 8 (initial active 8) (4 cores per cpu, 2 threads per core) family 6 model 60 stepping 3, cmov, cx8, fxsr, mmx, sse, sse2, sse3, ssse3, sse4.1, sse4.2, popcnt, avx, avx2, aes, clmul, erms, lzcnt, ht, tsc, tscinvbit, bmi1, bmi2

Memory: 4k page, physical 16657412k(6290508k free), swap 19147780k(5896944k free)

vm_info: OpenJDK 64-Bit Server VM (25.202-b03) for windows-amd64 JRE (1.8.0_202-release-1483-b03), built by "builder" with MS VC++ 10.0 (VS2010)

time: Wed Sep 04 12:03:17 2019
timezone: Eastern Daylight Time
elapsed time: 2446 seconds (0d 0h 40m 46s)

